[2021-10-26 04:34:47,036] {taskinstance.py:1035} INFO - Dependencies all met for <TaskInstance: my_dag.choose_best_model scheduled__2021-10-25T00:00:00+00:00 [queued]>
[2021-10-26 04:34:47,050] {taskinstance.py:1035} INFO - Dependencies all met for <TaskInstance: my_dag.choose_best_model scheduled__2021-10-25T00:00:00+00:00 [queued]>
[2021-10-26 04:34:47,051] {taskinstance.py:1241} INFO - 
--------------------------------------------------------------------------------
[2021-10-26 04:34:47,051] {taskinstance.py:1242} INFO - Starting attempt 1 of 1
[2021-10-26 04:34:47,052] {taskinstance.py:1243} INFO - 
--------------------------------------------------------------------------------
[2021-10-26 04:34:47,062] {taskinstance.py:1262} INFO - Executing <Task(BranchPythonOperator): choose_best_model> on 2021-10-25 00:00:00+00:00
[2021-10-26 04:34:47,069] {standard_task_runner.py:76} INFO - Running: ['***', 'tasks', 'run', 'my_dag', 'choose_best_model', 'scheduled__2021-10-25T00:00:00+00:00', '--job-id', '107', '--raw', '--subdir', 'DAGS_FOLDER/first_dag.py', '--cfg-path', '/tmp/tmpm6o81ndu', '--error-file', '/tmp/tmpsbtmi07x']
[2021-10-26 04:34:47,070] {standard_task_runner.py:77} INFO - Job 107: Subtask choose_best_model
[2021-10-26 04:34:47,066] {standard_task_runner.py:52} INFO - Started process 9166 to run task
[2021-10-26 04:34:47,106] {logging_mixin.py:109} INFO - Running <TaskInstance: my_dag.choose_best_model scheduled__2021-10-25T00:00:00+00:00 [running]> on host bd9f4a5cab42
[2021-10-26 04:34:47,141] {taskinstance.py:1414} INFO - Exporting the following env vars:
AIRFLOW_CTX_DAG_OWNER=***
AIRFLOW_CTX_DAG_ID=my_dag
AIRFLOW_CTX_TASK_ID=choose_best_model
AIRFLOW_CTX_EXECUTION_DATE=2021-10-25T00:00:00+00:00
AIRFLOW_CTX_DAG_RUN_ID=scheduled__2021-10-25T00:00:00+00:00
[2021-10-26 04:34:47,149] {python.py:152} INFO - Done. Returned value was: accurate
[2021-10-26 04:34:47,150] {skipmixin.py:143} INFO - Following branch accurate
[2021-10-26 04:34:47,150] {skipmixin.py:174} INFO - Skipping tasks ['inaccurate']
[2021-10-26 04:34:47,179] {taskinstance.py:1280} INFO - Marking task as SUCCESS. dag_id=my_dag, task_id=choose_best_model, execution_date=20211025T000000, start_date=20211026T043447, end_date=20211026T043447
[2021-10-26 04:34:47,205] {local_task_job.py:154} INFO - Task exited with return code 0
[2021-10-26 04:34:47,231] {local_task_job.py:264} INFO - 1 downstream tasks scheduled from follow-on schedule check
