[2021-10-26 04:34:46,052] {taskinstance.py:1035} INFO - Dependencies all met for <TaskInstance: my_dag.training_model_B scheduled__2021-10-25T00:00:00+00:00 [queued]>
[2021-10-26 04:34:46,071] {taskinstance.py:1035} INFO - Dependencies all met for <TaskInstance: my_dag.training_model_B scheduled__2021-10-25T00:00:00+00:00 [queued]>
[2021-10-26 04:34:46,072] {taskinstance.py:1241} INFO - 
--------------------------------------------------------------------------------
[2021-10-26 04:34:46,072] {taskinstance.py:1242} INFO - Starting attempt 1 of 1
[2021-10-26 04:34:46,073] {taskinstance.py:1243} INFO - 
--------------------------------------------------------------------------------
[2021-10-26 04:34:46,084] {taskinstance.py:1262} INFO - Executing <Task(PythonOperator): training_model_B> on 2021-10-25 00:00:00+00:00
[2021-10-26 04:34:46,091] {standard_task_runner.py:76} INFO - Running: ['***', 'tasks', 'run', 'my_dag', 'training_model_B', 'scheduled__2021-10-25T00:00:00+00:00', '--job-id', '105', '--raw', '--subdir', 'DAGS_FOLDER/first_dag.py', '--cfg-path', '/tmp/tmpl_i6lwx7', '--error-file', '/tmp/tmpbo23dmsq']
[2021-10-26 04:34:46,093] {standard_task_runner.py:77} INFO - Job 105: Subtask training_model_B
[2021-10-26 04:34:46,088] {standard_task_runner.py:52} INFO - Started process 9163 to run task
[2021-10-26 04:34:46,132] {logging_mixin.py:109} INFO - Running <TaskInstance: my_dag.training_model_B scheduled__2021-10-25T00:00:00+00:00 [running]> on host bd9f4a5cab42
[2021-10-26 04:34:46,171] {taskinstance.py:1414} INFO - Exporting the following env vars:
AIRFLOW_CTX_DAG_OWNER=***
AIRFLOW_CTX_DAG_ID=my_dag
AIRFLOW_CTX_TASK_ID=training_model_B
AIRFLOW_CTX_EXECUTION_DATE=2021-10-25T00:00:00+00:00
AIRFLOW_CTX_DAG_RUN_ID=scheduled__2021-10-25T00:00:00+00:00
[2021-10-26 04:34:46,173] {python.py:152} INFO - Done. Returned value was: 9
[2021-10-26 04:34:46,194] {taskinstance.py:1280} INFO - Marking task as SUCCESS. dag_id=my_dag, task_id=training_model_B, execution_date=20211025T000000, start_date=20211026T043446, end_date=20211026T043446
[2021-10-26 04:34:46,228] {local_task_job.py:154} INFO - Task exited with return code 0
[2021-10-26 04:34:46,258] {local_task_job.py:264} INFO - 0 downstream tasks scheduled from follow-on schedule check
