[2021-10-26 04:34:46,034] {taskinstance.py:1035} INFO - Dependencies all met for <TaskInstance: my_dag.training_model_C scheduled__2021-10-25T00:00:00+00:00 [queued]>
[2021-10-26 04:34:46,057] {taskinstance.py:1035} INFO - Dependencies all met for <TaskInstance: my_dag.training_model_C scheduled__2021-10-25T00:00:00+00:00 [queued]>
[2021-10-26 04:34:46,058] {taskinstance.py:1241} INFO - 
--------------------------------------------------------------------------------
[2021-10-26 04:34:46,058] {taskinstance.py:1242} INFO - Starting attempt 1 of 1
[2021-10-26 04:34:46,059] {taskinstance.py:1243} INFO - 
--------------------------------------------------------------------------------
[2021-10-26 04:34:46,070] {taskinstance.py:1262} INFO - Executing <Task(PythonOperator): training_model_C> on 2021-10-25 00:00:00+00:00
[2021-10-26 04:34:46,077] {standard_task_runner.py:76} INFO - Running: ['***', 'tasks', 'run', 'my_dag', 'training_model_C', 'scheduled__2021-10-25T00:00:00+00:00', '--job-id', '104', '--raw', '--subdir', 'DAGS_FOLDER/first_dag.py', '--cfg-path', '/tmp/tmpf0xyyeua', '--error-file', '/tmp/tmp4su8hw4h']
[2021-10-26 04:34:46,079] {standard_task_runner.py:77} INFO - Job 104: Subtask training_model_C
[2021-10-26 04:34:46,074] {standard_task_runner.py:52} INFO - Started process 9162 to run task
[2021-10-26 04:34:46,120] {logging_mixin.py:109} INFO - Running <TaskInstance: my_dag.training_model_C scheduled__2021-10-25T00:00:00+00:00 [running]> on host bd9f4a5cab42
[2021-10-26 04:34:46,164] {taskinstance.py:1414} INFO - Exporting the following env vars:
AIRFLOW_CTX_DAG_OWNER=***
AIRFLOW_CTX_DAG_ID=my_dag
AIRFLOW_CTX_TASK_ID=training_model_C
AIRFLOW_CTX_EXECUTION_DATE=2021-10-25T00:00:00+00:00
AIRFLOW_CTX_DAG_RUN_ID=scheduled__2021-10-25T00:00:00+00:00
[2021-10-26 04:34:46,165] {python.py:152} INFO - Done. Returned value was: 8
[2021-10-26 04:34:46,185] {taskinstance.py:1280} INFO - Marking task as SUCCESS. dag_id=my_dag, task_id=training_model_C, execution_date=20211025T000000, start_date=20211026T043446, end_date=20211026T043446
[2021-10-26 04:34:46,214] {local_task_job.py:154} INFO - Task exited with return code 0
[2021-10-26 04:34:46,245] {local_task_job.py:264} INFO - 1 downstream tasks scheduled from follow-on schedule check
